<?xml version="1.0" encoding="UTF-8"?>
<!-- Generated by org.testng.reporters.JUnitReportReporter -->
<testsuite skipped="0" hostname="ojt41-PC" name="driverScript.AppTest" tests="1" failures="0" timestamp="18 May 2019 03:16:08 GMT" time="42.238" errors="0">
  <testcase name="kickStart" time="42.238" classname="driverScript.AppTest"/>
</testsuite> <!-- driverScript.AppTest -->
